[18Apr2025 00:02:10.350] [Server thread/INFO] [net.minecraft.server.MinecraftServer/]: Mandester was blown up by Creeper
[18Apr2025 00:02:19.800] [Server thread/INFO] [net.minecraft.server.MinecraftServer/]: [Mandester: Set own game mode to Creative Mode]
[18Apr2025 00:08:52.487] [Server thread/INFO] [net.minecraft.server.MinecraftServer/]: [Mandester: Set own game mode to Survival Mode]
[18Apr2025 00:09:58.612] [User Authenticator #3/INFO] [net.minecraft.server.network.ServerLoginPacketListenerImpl/]: UUID of player JARAX23 is b2da3f4f-368d-4add-91b8-fdefbc5fa6e9
[18Apr2025 00:10:04.309] [Server thread/INFO] [net.minecraft.server.players.PlayerList/]: JARAX23[/127.79.217.172:59309] logged in with entity id 9481 at (-1708.1068507261784, 72.0, 2082.947630152143)
[18Apr2025 00:10:04.318] [Server thread/INFO] [net.minecraft.server.MinecraftServer/]: JARAX23 joined the game
[18Apr2025 00:13:19.540] [Server thread/INFO] [net.minecraft.server.MinecraftServer/]: JARAX23 was slain by Spider
[18Apr2025 00:17:50.163] [Server thread/INFO] [net.minecraft.server.MinecraftServer/]: Mandester has made the advancement [Isn't It Iron Pick]
[18Apr2025 00:24:47.646] [Server thread/INFO] [net.minecraft.world.entity.npc.Villager/]: Villager Villager['Farmer'/395, l='ServerLevel[world]', x=-2062.49, y=65.00, z=2003.00] died, message: 'Farmer was slain by Guster'
[18Apr2025 00:30:54.049] [Server thread/INFO] [net.minecraft.server.MinecraftServer/]: Mandester has made the advancement [I Dont Think You Need It]
[18Apr2025 00:39:18.158] [Server thread/INFO] [net.minecraft.server.MinecraftServer/]: [Mandester: Teleported YamadaH2O to Mandester]
[18Apr2025 00:39:39.635] [Server thread/INFO] [net.minecraft.server.MinecraftServer/]: JARAX23 was slain by Enderman
[18Apr2025 00:40:14.046] [Server thread/INFO] [net.minecraft.server.MinecraftServer/]: YamadaH2O was shot by Horuso
[18Apr2025 00:42:38.191] [Server thread/INFO] [net.minecraft.server.MinecraftServer/]: Mandester has made the advancement [Is This My Size?]
[18Apr2025 00:44:08.935] [Server thread/INFO] [net.minecraft.server.MinecraftServer/]: Mandester has made the advancement [Forgotten Sands]
[18Apr2025 00:45:49.239] [Server thread/INFO] [net.minecraft.server.MinecraftServer/]: YamadaH2O has made the advancement [Is This My Size?]
[18Apr2025 00:47:09.532] [Server thread/INFO] [net.minecraft.server.MinecraftServer/]: Mandester was slain by Ammit
[18Apr2025 00:54:43.432] [Server thread/INFO] [net.minecraft.server.MinecraftServer/]: YamadaH2O was slain by Ammit
[18Apr2025 00:54:56.788] [Server thread/INFO] [net.minecraft.server.network.ServerGamePacketListenerImpl/]: JARAX23 lost connection: Disconnected
[18Apr2025 00:54:56.788] [Server thread/INFO] [net.minecraft.server.MinecraftServer/]: JARAX23 left the game
[18Apr2025 00:57:10.626] [User Authenticator #4/INFO] [net.minecraft.server.network.ServerLoginPacketListenerImpl/]: UUID of player JARAX23 is b2da3f4f-368d-4add-91b8-fdefbc5fa6e9
[18Apr2025 00:57:14.098] [Server thread/INFO] [net.minecraft.server.players.PlayerList/]: JARAX23[/127.79.217.172:41535] logged in with entity id 32629 at (-1694.2646273135647, 72.0, 2081.903042037936)
[18Apr2025 00:57:14.105] [Server thread/INFO] [net.minecraft.server.MinecraftServer/]: JARAX23 joined the game
[18Apr2025 01:01:02.432] [Server thread/INFO] [net.minecraft.server.MinecraftServer/]: Mandester was slain by Ammit
[18Apr2025 01:03:10.396] [Server thread/INFO] [net.minecraft.server.MinecraftServer/]: YamadaH2O has made the advancement [Isn't It Iron Pick]
[18Apr2025 01:14:28.063] [Server thread/INFO] [net.minecraft.server.MinecraftServer/]: [Mandester: Teleported YamadaH2O to Mandester]
[18Apr2025 01:20:46.591] [Server thread/INFO] [net.minecraft.server.MinecraftServer/]: YamadaH2O has made the advancement [Alex's Caves]
[18Apr2025 01:21:02.265] [Server thread/INFO] [net.minecraft.server.MinecraftServer/]: YamadaH2O has made the advancement [It Belongs in a Museum]
